#
# There is insufficient memory for the Java Runtime Environment to continue.
# Native memory allocation (malloc) failed to allocate 1897616 bytes for Chunk::new
# Possible reasons:
#   The system is out of physical RAM or swap space
#   The process is running with CompressedOops enabled, and the Java Heap may be blocking the growth of the native heap
# Possible solutions:
#   Reduce memory load on the system
#   Increase physical memory or swap space
#   Check if swap backing store is full
#   Decrease Java heap size (-Xmx/-Xms)
#   Decrease number of Java threads
#   Decrease Java thread stack sizes (-Xss)
#   Set larger code cache with -XX:ReservedCodeCacheSize=
#   JVM is running with Zero Based Compressed Oops mode in which the Java heap is
#     placed in the first 32GB address space. The Java Heap base address is the
#     maximum limit for the native heap growth. Please use -XX:HeapBaseMinAddress
#     to set the Java Heap base and to place the Java Heap above 32GB virtual address.
# This output file may be truncated or incomplete.
#
#  Out of Memory Error (./open/src/hotspot/share/memory/arena.cpp:197), pid=28496, tid=22436
#
# JRE version: Java(TM) SE Runtime Environment 18.9 (11.0.15.1+2) (build 11.0.15.1+2-LTS-10)
# Java VM: Java HotSpot(TM) 64-Bit Server VM 18.9 (11.0.15.1+2-LTS-10, mixed mode, tiered, compressed oops, g1 gc, windows-amd64)
# No core dump will be written. Minidumps are not enabled by default on client versions of Windows
#

---------------  S U M M A R Y ------------

Command Line: -javaagent:C:\Program Files\JetBrains\IntelliJ IDEA Community Edition 2021.3\lib\idea_rt.jar=51000:C:\Program Files\JetBrains\IntelliJ IDEA Community Edition 2021.3\bin -Dfile.encoding=UTF-8 com.nagarro.accountmanagementservice.AccountManagementServiceApplication

Host: Intel(R) Core(TM) i5-10210U CPU @ 1.60GHz, 8 cores, 15G,  Windows 11 , 64 bit Build 22000 (10.0.22000.1761)
Time: Wed Apr 26 13:16:55 2023 India Standard Time elapsed time: 24.635730 seconds (0d 0h 0m 24s)

---------------  T H R E A D  ---------------

Current thread (0x000001979eee0000):  JavaThread "C2 CompilerThread0" daemon [_thread_in_native, id=22436, stack(0x0000002d65400000,0x0000002d65500000)]


Current CompileTask:
C2:  24635 4884   !   4       org.springframework.core.annotation.AnnotationsScanner::processClassHierarchy (227 bytes)

Stack: [0x0000002d65400000,0x0000002d65500000]
Native frames: (J=compiled Java code, j=interpreted, Vv=VM code, C=native code)
V  [jvm.dll+0x629d8a]
V  [jvm.dll+0x7638ff]
V  [jvm.dll+0x764fa9]
V  [jvm.dll+0x765633]
V  [jvm.dll+0x23d9c8]
V  [jvm.dll+0xb2a1c]
V  [jvm.dll+0xb2fdc]
V  [jvm.dll+0x341002]
V  [jvm.dll+0x30e9b3]
V  [jvm.dll+0x30dcfa]
V  [jvm.dll+0x1f8565]
V  [jvm.dll+0x1f774d]
V  [jvm.dll+0x177c51]
V  [jvm.dll+0x207026]
V  [jvm.dll+0x2051bb]
V  [jvm.dll+0x729820]
V  [jvm.dll+0x7223f4]
V  [jvm.dll+0x628c26]
C  [ucrtbase.dll+0x26c0c]
C  [KERNEL32.DLL+0x15590]
C  [ntdll.dll+0x485b]


---------------  P R O C E S S  ---------------

Threads class SMR info:
_java_thread_list=0x00000197a263c000, length=19, elements={
0x00000197fb91b800, 0x000001979e5cd000, 0x000001979e5d8800, 0x000001979eed9800,
0x000001979eedc800, 0x000001979eedd800, 0x000001979eee0000, 0x000001979eee3000,
0x000001979eee6000, 0x000001979f04e800, 0x000001979f3ce800, 0x00000197a35c8000,
0x00000197a1e82800, 0x00000197a3f19000, 0x00000197a451f800, 0x00000197a37c4000,
0x00000197a6a73800, 0x000001979fe4b000, 0x000001979fe4d000
}

Java Threads: ( => current thread )
  0x00000197fb91b800 JavaThread "main" [_thread_in_native, id=29948, stack(0x0000002d64800000,0x0000002d64900000)]
  0x000001979e5cd000 JavaThread "Reference Handler" daemon [_thread_blocked, id=18252, stack(0x0000002d64f00000,0x0000002d65000000)]
  0x000001979e5d8800 JavaThread "Finalizer" daemon [_thread_blocked, id=26592, stack(0x0000002d65000000,0x0000002d65100000)]
  0x000001979eed9800 JavaThread "Signal Dispatcher" daemon [_thread_blocked, id=8148, stack(0x0000002d65100000,0x0000002d65200000)]
  0x000001979eedc800 JavaThread "Attach Listener" daemon [_thread_blocked, id=22276, stack(0x0000002d65200000,0x0000002d65300000)]
  0x000001979eedd800 JavaThread "Service Thread" daemon [_thread_blocked, id=25064, stack(0x0000002d65300000,0x0000002d65400000)]
=>0x000001979eee0000 JavaThread "C2 CompilerThread0" daemon [_thread_in_native, id=22436, stack(0x0000002d65400000,0x0000002d65500000)]
  0x000001979eee3000 JavaThread "C1 CompilerThread0" daemon [_thread_in_native, id=13540, stack(0x0000002d65500000,0x0000002d65600000)]
  0x000001979eee6000 JavaThread "Sweeper thread" daemon [_thread_blocked, id=29124, stack(0x0000002d65600000,0x0000002d65700000)]
  0x000001979f04e800 JavaThread "Common-Cleaner" daemon [_thread_blocked, id=15492, stack(0x0000002d65700000,0x0000002d65800000)]
  0x000001979f3ce800 JavaThread "Monitor Ctrl-Break" daemon [_thread_in_native, id=31472, stack(0x0000002d65900000,0x0000002d65a00000)]
  0x00000197a35c8000 JavaThread "Catalina-utility-1" [_thread_blocked, id=20388, stack(0x0000002d66100000,0x0000002d66200000)]
  0x00000197a1e82800 JavaThread "Catalina-utility-2" [_thread_blocked, id=25796, stack(0x0000002d66300000,0x0000002d66400000)]
  0x00000197a3f19000 JavaThread "container-0" [_thread_blocked, id=14284, stack(0x0000002d66400000,0x0000002d66500000)]
  0x00000197a451f800 JavaThread "mysql-cj-abandoned-connection-cleanup" daemon [_thread_blocked, id=17124, stack(0x0000002d66500000,0x0000002d66600000)]
  0x00000197a37c4000 JavaThread "HikariPool-1 housekeeper" daemon [_thread_blocked, id=30848, stack(0x0000002d65b00000,0x0000002d65c00000)]
  0x00000197a6a73800 JavaThread "HikariPool-1 connection adder" daemon [_thread_blocked, id=25000, stack(0x0000002d66600000,0x0000002d66700000)]
  0x000001979fe4b000 JavaThread "C2 CompilerThread1" daemon [_thread_in_native, id=27676, stack(0x0000002d66700000,0x0000002d66800000)]
  0x000001979fe4d000 JavaThread "C2 CompilerThread2" daemon [_thread_in_native, id=8208, stack(0x0000002d66a00000,0x0000002d66b00000)]

Other Threads:
  0x000001979e5cb800 VMThread "VM Thread" [stack: 0x0000002d64e00000,0x0000002d64f00000] [id=10332]
  0x000001979f3df000 WatcherThread [stack: 0x0000002d65a00000,0x0000002d65b00000] [id=23208]
  0x00000197fb92f800 GCTaskThread "GC Thread#0" [stack: 0x0000002d64900000,0x0000002d64a00000] [id=3720]
  0x000001979fd75800 GCTaskThread "GC Thread#1" [stack: 0x0000002d65c00000,0x0000002d65d00000] [id=12388]
  0x00000197a0088800 GCTaskThread "GC Thread#2" [stack: 0x0000002d65d00000,0x0000002d65e00000] [id=27428]
  0x00000197a0089000 GCTaskThread "GC Thread#3" [stack: 0x0000002d65e00000,0x0000002d65f00000] [id=25628]
  0x00000197a008a000 GCTaskThread "GC Thread#4" [stack: 0x0000002d65f00000,0x0000002d66000000] [id=31216]
  0x000001979fea1800 GCTaskThread "GC Thread#5" [stack: 0x0000002d66000000,0x0000002d66100000] [id=17748]
  0x00000197a6105800 GCTaskThread "GC Thread#6" [stack: 0x0000002d66800000,0x0000002d66900000] [id=16496]
  0x00000197a3c13800 GCTaskThread "GC Thread#7" [stack: 0x0000002d66900000,0x0000002d66a00000] [id=23196]
  0x00000197fb98a800 ConcurrentGCThread "G1 Main Marker" [stack: 0x0000002d64a00000,0x0000002d64b00000] [id=28212]
  0x00000197fb98d000 ConcurrentGCThread "G1 Conc#0" [stack: 0x0000002d64b00000,0x0000002d64c00000] [id=21800]
  0x00000197a049b800 ConcurrentGCThread "G1 Conc#1" [stack: 0x0000002d66200000,0x0000002d66300000] [id=1532]
  0x000001979e4af000 ConcurrentGCThread "G1 Refine#0" [stack: 0x0000002d64c00000,0x0000002d64d00000] [id=11612]
  0x000001979e4b4000 ConcurrentGCThread "G1 Young RemSet Sampling" [stack: 0x0000002d64d00000,0x0000002d64e00000] [id=27736]

Threads with active compile tasks:
C2 CompilerThread0  24689 4884   !   4       org.springframework.core.annotation.AnnotationsScanner::processClassHierarchy (227 bytes)
C2 CompilerThread1  24689 4876       4       org.springframework.core.annotation.TypeMappedAnnotations$MergedAnnotationFinder::doWithAnnotations (75 bytes)
C2 CompilerThread2  24689 4877       4       org.springframework.core.annotation.TypeMappedAnnotations$MergedAnnotationFinder::doWithAnnotations (10 bytes)

VM state:not at safepoint (normal execution)

VM Mutex/Monitor currently owned by a thread: None

Heap address: 0x0000000703e00000, size: 4034 MB, Compressed Oops mode: Zero based, Oop shift amount: 3
Narrow klass base: 0x0000000800000000, Narrow klass shift: 0
Compressed class space size: 1073741824 Address: 0x0000000800000000

Heap:
 garbage-first heap   total 260096K, used 47261K [0x0000000703e00000, 0x0000000800000000)
  region size 1024K, 34 young (34816K), 10 survivors (10240K)
 Metaspace       used 62517K, capacity 63985K, committed 64256K, reserved 1105920K
  class space    used 8041K, capacity 8639K, committed 8704K, reserved 1048576K
Heap Regions: E=young(eden), S=young(survivor), O=old, HS=humongous(starts), HC=humongous(continues), CS=collection set, F=free, A=archive, TAMS=top-at-mark-start (previous, next)
|   0|0x0000000703e00000, 0x0000000703f00000, 0x0000000703f00000|100%|HS|  |TAMS 0x0000000703f00000, 0x0000000703e00000| Complete 
|   1|0x0000000703f00000, 0x0000000704000000, 0x0000000704000000|100%| O|  |TAMS 0x0000000704000000, 0x0000000703f00000| Untracked 
|   2|0x0000000704000000, 0x0000000704100000, 0x0000000704100000|100%| O|  |TAMS 0x0000000704100000, 0x0000000704000000| Untracked 
|   3|0x0000000704100000, 0x0000000704200000, 0x0000000704200000|100%| O|  |TAMS 0x0000000704200000, 0x0000000704100000| Untracked 
|   4|0x0000000704200000, 0x0000000704300000, 0x0000000704300000|100%| O|  |TAMS 0x0000000704300000, 0x0000000704200000| Untracked 
|   5|0x0000000704300000, 0x0000000704400000, 0x0000000704400000|100%| O|  |TAMS 0x0000000704400000, 0x0000000704300000| Untracked 
|   6|0x0000000704400000, 0x0000000704500000, 0x0000000704500000|100%| O|  |TAMS 0x0000000704500000, 0x0000000704400000| Untracked 
|   7|0x0000000704500000, 0x0000000704600000, 0x0000000704600000|100%| O|  |TAMS 0x0000000704600000, 0x0000000704500000| Untracked 
|   8|0x0000000704600000, 0x0000000704700000, 0x0000000704700000|100%| O|  |TAMS 0x0000000704700000, 0x0000000704600000| Untracked 
|   9|0x0000000704700000, 0x0000000704800000, 0x0000000704800000|100%| O|  |TAMS 0x0000000704800000, 0x0000000704700000| Untracked 
|  10|0x0000000704800000, 0x0000000704900000, 0x0000000704900000|100%| O|  |TAMS 0x0000000704900000, 0x0000000704800000| Untracked 
|  11|0x0000000704900000, 0x0000000704a00000, 0x0000000704a00000|100%| O|  |TAMS 0x0000000704a00000, 0x0000000704900000| Untracked 
|  12|0x0000000704a00000, 0x0000000704b00000, 0x0000000704b00000|100%| O|  |TAMS 0x0000000704b00000, 0x0000000704a00000| Untracked 
|  13|0x0000000704b00000, 0x0000000704bdba00, 0x0000000704c00000| 85%| O|  |TAMS 0x0000000704bdba00, 0x0000000704b00000| Untracked 
|  14|0x0000000704c00000, 0x0000000704c00000, 0x0000000704d00000|  0%| F|  |TAMS 0x0000000704c00000, 0x0000000704c00000| Untracked 
|  15|0x0000000704d00000, 0x0000000704d00000, 0x0000000704e00000|  0%| F|  |TAMS 0x0000000704d00000, 0x0000000704d00000| Untracked 
|  16|0x0000000704e00000, 0x0000000704e00000, 0x0000000704f00000|  0%| F|  |TAMS 0x0000000704e00000, 0x0000000704e00000| Untracked 
|  17|0x0000000704f00000, 0x0000000704f00000, 0x0000000705000000|  0%| F|  |TAMS 0x0000000704f00000, 0x0000000704f00000| Untracked 
|  18|0x0000000705000000, 0x0000000705000000, 0x0000000705100000|  0%| F|  |TAMS 0x0000000705000000, 0x0000000705000000| Untracked 
|  19|0x0000000705100000, 0x0000000705100000, 0x0000000705200000|  0%| F|  |TAMS 0x0000000705100000, 0x0000000705100000| Untracked 
|  20|0x0000000705200000, 0x0000000705200000, 0x0000000705300000|  0%| F|  |TAMS 0x0000000705200000, 0x0000000705200000| Untracked 
|  21|0x0000000705300000, 0x0000000705300000, 0x0000000705400000|  0%| F|  |TAMS 0x0000000705300000, 0x0000000705300000| Untracked 
|  22|0x0000000705400000, 0x0000000705400000, 0x0000000705500000|  0%| F|  |TAMS 0x0000000705400000, 0x0000000705400000| Untracked 
|  23|0x0000000705500000, 0x0000000705500000, 0x0000000705600000|  0%| F|  |TAMS 0x0000000705500000, 0x0000000705500000| Untracked 
|  24|0x0000000705600000, 0x0000000705600000, 0x0000000705700000|  0%| F|  |TAMS 0x0000000705600000, 0x0000000705600000| Untracked 
|  25|0x0000000705700000, 0x0000000705700000, 0x0000000705800000|  0%| F|  |TAMS 0x0000000705700000, 0x0000000705700000| Untracked 
|  26|0x0000000705800000, 0x0000000705800000, 0x0000000705900000|  0%| F|  |TAMS 0x0000000705800000, 0x0000000705800000| Untracked 
|  27|0x0000000705900000, 0x0000000705900000, 0x0000000705a00000|  0%| F|  |TAMS 0x0000000705900000, 0x0000000705900000| Untracked 
|  28|0x0000000705a00000, 0x0000000705a00000, 0x0000000705b00000|  0%| F|  |TAMS 0x0000000705a00000, 0x0000000705a00000| Untracked 
|  29|0x0000000705b00000, 0x0000000705b00000, 0x0000000705c00000|  0%| F|  |TAMS 0x0000000705b00000, 0x0000000705b00000| Untracked 
|  30|0x0000000705c00000, 0x0000000705c00000, 0x0000000705d00000|  0%| F|  |TAMS 0x0000000705c00000, 0x0000000705c00000| Untracked 
|  31|0x0000000705d00000, 0x0000000705d00000, 0x0000000705e00000|  0%| F|  |TAMS 0x0000000705d00000, 0x0000000705d00000| Untracked 
|  32|0x0000000705e00000, 0x0000000705e00000, 0x0000000705f00000|  0%| F|  |TAMS 0x0000000705e00000, 0x0000000705e00000| Untracked 
|  33|0x0000000705f00000, 0x0000000705f00000, 0x0000000706000000|  0%| F|  |TAMS 0x0000000705f00000, 0x0000000705f00000| Untracked 
|  34|0x0000000706000000, 0x0000000706000000, 0x0000000706100000|  0%| F|  |TAMS 0x0000000706000000, 0x0000000706000000| Untracked 
|  35|0x0000000706100000, 0x0000000706100000, 0x0000000706200000|  0%| F|  |TAMS 0x0000000706100000, 0x0000000706100000| Untracked 
|  36|0x0000000706200000, 0x0000000706200000, 0x0000000706300000|  0%| F|  |TAMS 0x0000000706200000, 0x0000000706200000| Untracked 
|  37|0x0000000706300000, 0x0000000706300000, 0x0000000706400000|  0%| F|  |TAMS 0x0000000706300000, 0x0000000706300000| Untracked 
|  38|0x0000000706400000, 0x0000000706400000, 0x0000000706500000|  0%| F|  |TAMS 0x0000000706400000, 0x0000000706400000| Untracked 
|  39|0x0000000706500000, 0x0000000706500000, 0x0000000706600000|  0%| F|  |TAMS 0x0000000706500000, 0x0000000706500000| Untracked 
|  40|0x0000000706600000, 0x0000000706600000, 0x0000000706700000|  0%| F|  |TAMS 0x0000000706600000, 0x0000000706600000| Untracked 
|  41|0x0000000706700000, 0x0000000706700000, 0x0000000706800000|  0%| F|  |TAMS 0x0000000706700000, 0x0000000706700000| Untracked 
|  42|0x0000000706800000, 0x0000000706800000, 0x0000000706900000|  0%| F|  |TAMS 0x0000000706800000, 0x0000000706800000| Untracked 
|  43|0x0000000706900000, 0x0000000706900000, 0x0000000706a00000|  0%| F|  |TAMS 0x0000000706900000, 0x0000000706900000| Untracked 
|  44|0x0000000706a00000, 0x0000000706a00000, 0x0000000706b00000|  0%| F|  |TAMS 0x0000000706a00000, 0x0000000706a00000| Untracked 
|  45|0x0000000706b00000, 0x0000000706b00000, 0x0000000706c00000|  0%| F|  |TAMS 0x0000000706b00000, 0x0000000706b00000| Untracked 
|  46|0x0000000706c00000, 0x0000000706c00000, 0x0000000706d00000|  0%| F|  |TAMS 0x0000000706c00000, 0x0000000706c00000| Untracked 
|  47|0x0000000706d00000, 0x0000000706d00000, 0x0000000706e00000|  0%| F|  |TAMS 0x0000000706d00000, 0x0000000706d00000| Untracked 
|  48|0x0000000706e00000, 0x0000000706e00000, 0x0000000706f00000|  0%| F|  |TAMS 0x0000000706e00000, 0x0000000706e00000| Untracked 
|  49|0x0000000706f00000, 0x0000000706f00000, 0x0000000707000000|  0%| F|  |TAMS 0x0000000706f00000, 0x0000000706f00000| Untracked 
|  50|0x0000000707000000, 0x0000000707000000, 0x0000000707100000|  0%| F|  |TAMS 0x0000000707000000, 0x0000000707000000| Untracked 
|  51|0x0000000707100000, 0x0000000707100000, 0x0000000707200000|  0%| F|  |TAMS 0x0000000707100000, 0x0000000707100000| Untracked 
|  52|0x0000000707200000, 0x0000000707200000, 0x0000000707300000|  0%| F|  |TAMS 0x0000000707200000, 0x0000000707200000| Untracked 
|  53|0x0000000707300000, 0x0000000707300000, 0x0000000707400000|  0%| F|  |TAMS 0x0000000707300000, 0x0000000707300000| Untracked 
|  54|0x0000000707400000, 0x0000000707400000, 0x0000000707500000|  0%| F|  |TAMS 0x0000000707400000, 0x0000000707400000| Untracked 
|  55|0x0000000707500000, 0x0000000707500000, 0x0000000707600000|  0%| F|  |TAMS 0x0000000707500000, 0x0000000707500000| Untracked 
|  56|0x0000000707600000, 0x0000000707600000, 0x0000000707700000|  0%| F|  |TAMS 0x0000000707600000, 0x0000000707600000| Untracked 
|  57|0x0000000707700000, 0x0000000707700000, 0x0000000707800000|  0%| F|  |TAMS 0x0000000707700000, 0x0000000707700000| Untracked 
|  58|0x0000000707800000, 0x0000000707800000, 0x0000000707900000|  0%| F|  |TAMS 0x0000000707800000, 0x0000000707800000| Untracked 
|  59|0x0000000707900000, 0x0000000707900000, 0x0000000707a00000|  0%| F|  |TAMS 0x0000000707900000, 0x0000000707900000| Untracked 
|  60|0x0000000707a00000, 0x0000000707a00000, 0x0000000707b00000|  0%| F|  |TAMS 0x0000000707a00000, 0x0000000707a00000| Untracked 
|  61|0x0000000707b00000, 0x0000000707b00000, 0x0000000707c00000|  0%| F|  |TAMS 0x0000000707b00000, 0x0000000707b00000| Untracked 
|  62|0x0000000707c00000, 0x0000000707c00000, 0x0000000707d00000|  0%| F|  |TAMS 0x0000000707c00000, 0x0000000707c00000| Untracked 
|  63|0x0000000707d00000, 0x0000000707d00000, 0x0000000707e00000|  0%| F|  |TAMS 0x0000000707d00000, 0x0000000707d00000| Untracked 
|  64|0x0000000707e00000, 0x0000000707e00000, 0x0000000707f00000|  0%| F|  |TAMS 0x0000000707e00000, 0x0000000707e00000| Untracked 
|  65|0x0000000707f00000, 0x0000000707f00000, 0x0000000708000000|  0%| F|  |TAMS 0x0000000707f00000, 0x0000000707f00000| Untracked 
|  66|0x0000000708000000, 0x0000000708000000, 0x0000000708100000|  0%| F|  |TAMS 0x0000000708000000, 0x0000000708000000| Untracked 
|  67|0x0000000708100000, 0x0000000708100000, 0x0000000708200000|  0%| F|  |TAMS 0x0000000708100000, 0x0000000708100000| Untracked 
|  68|0x0000000708200000, 0x0000000708200000, 0x0000000708300000|  0%| F|  |TAMS 0x0000000708200000, 0x0000000708200000| Untracked 
|  69|0x0000000708300000, 0x0000000708300000, 0x0000000708400000|  0%| F|  |TAMS 0x0000000708300000, 0x0000000708300000| Untracked 
|  70|0x0000000708400000, 0x0000000708400000, 0x0000000708500000|  0%| F|  |TAMS 0x0000000708400000, 0x0000000708400000| Untracked 
|  71|0x0000000708500000, 0x0000000708500000, 0x0000000708600000|  0%| F|  |TAMS 0x0000000708500000, 0x0000000708500000| Untracked 
|  72|0x0000000708600000, 0x0000000708600000, 0x0000000708700000|  0%| F|  |TAMS 0x0000000708600000, 0x0000000708600000| Untracked 
|  73|0x0000000708700000, 0x0000000708700000, 0x0000000708800000|  0%| F|  |TAMS 0x0000000708700000, 0x0000000708700000| Untracked 
|  74|0x0000000708800000, 0x0000000708800000, 0x0000000708900000|  0%| F|  |TAMS 0x0000000708800000, 0x0000000708800000| Untracked 
|  75|0x0000000708900000, 0x0000000708900000, 0x0000000708a00000|  0%| F|  |TAMS 0x0000000708900000, 0x0000000708900000| Untracked 
|  76|0x0000000708a00000, 0x0000000708a00000, 0x0000000708b00000|  0%| F|  |TAMS 0x0000000708a00000, 0x0000000708a00000| Untracked 
|  77|0x0000000708b00000, 0x0000000708b00000, 0x0000000708c00000|  0%| F|  |TAMS 0x0000000708b00000, 0x0000000708b00000| Untracked 
|  78|0x0000000708c00000, 0x0000000708c00000, 0x0000000708d00000|  0%| F|  |TAMS 0x0000000708c00000, 0x0000000708c00000| Untracked 
|  79|0x0000000708d00000, 0x0000000708d00000, 0x0000000708e00000|  0%| F|  |TAMS 0x0000000708d00000, 0x0000000708d00000| Untracked 
|  80|0x0000000708e00000, 0x0000000708e00000, 0x0000000708f00000|  0%| F|  |TAMS 0x0000000708e00000, 0x0000000708e00000| Untracked 
|  81|0x0000000708f00000, 0x0000000708f00000, 0x0000000709000000|  0%| F|  |TAMS 0x0000000708f00000, 0x0000000708f00000| Untracked 
|  82|0x0000000709000000, 0x0000000709000000, 0x0000000709100000|  0%| F|  |TAMS 0x0000000709000000, 0x0000000709000000| Untracked 
|  83|0x0000000709100000, 0x0000000709100000, 0x0000000709200000|  0%| F|  |TAMS 0x0000000709100000, 0x0000000709100000| Untracked 
|  84|0x0000000709200000, 0x0000000709200000, 0x0000000709300000|  0%| F|  |TAMS 0x0000000709200000, 0x0000000709200000| Untracked 
|  85|0x0000000709300000, 0x0000000709300000, 0x0000000709400000|  0%| F|  |TAMS 0x0000000709300000, 0x0000000709300000| Untracked 
|  86|0x0000000709400000, 0x0000000709400000, 0x0000000709500000|  0%| F|  |TAMS 0x0000000709400000, 0x0000000709400000| Untracked 
|  87|0x0000000709500000, 0x0000000709500000, 0x0000000709600000|  0%| F|  |TAMS 0x0000000709500000, 0x0000000709500000| Untracked 
|  88|0x0000000709600000, 0x0000000709600000, 0x0000000709700000|  0%| F|  |TAMS 0x0000000709600000, 0x0000000709600000| Untracked 
|  89|0x0000000709700000, 0x0000000709700000, 0x0000000709800000|  0%| F|  |TAMS 0x0000000709700000, 0x0000000709700000| Untracked 
|  90|0x0000000709800000, 0x0000000709800000, 0x0000000709900000|  0%| F|  |TAMS 0x0000000709800000, 0x0000000709800000| Untracked 
|  91|0x0000000709900000, 0x0000000709900000, 0x0000000709a00000|  0%| F|  |TAMS 0x0000000709900000, 0x0000000709900000| Untracked 
|  92|0x0000000709a00000, 0x0000000709a00000, 0x0000000709b00000|  0%| F|  |TAMS 0x0000000709a00000, 0x0000000709a00000| Untracked 
|  93|0x0000000709b00000, 0x0000000709b00000, 0x0000000709c00000|  0%| F|  |TAMS 0x0000000709b00000, 0x0000000709b00000| Untracked 
|  94|0x0000000709c00000, 0x0000000709c00000, 0x0000000709d00000|  0%| F|  |TAMS 0x0000000709c00000, 0x0000000709c00000| Untracked 
|  95|0x0000000709d00000, 0x0000000709d00000, 0x0000000709e00000|  0%| F|  |TAMS 0x0000000709d00000, 0x0000000709d00000| Untracked 
|  96|0x0000000709e00000, 0x0000000709e00000, 0x0000000709f00000|  0%| F|  |TAMS 0x0000000709e00000, 0x0000000709e00000| Untracked 
|  97|0x0000000709f00000, 0x0000000709f00000, 0x000000070a000000|  0%| F|  |TAMS 0x0000000709f00000, 0x0000000709f00000| Untracked 
|  98|0x000000070a000000, 0x000000070a000000, 0x000000070a100000|  0%| F|  |TAMS 0x000000070a000000, 0x000000070a000000| Untracked 
|  99|0x000000070a100000, 0x000000070a100000, 0x000000070a200000|  0%| F|  |TAMS 0x000000070a100000, 0x000000070a100000| Untracked 
| 100|0x000000070a200000, 0x000000070a200000, 0x000000070a300000|  0%| F|  |TAMS 0x000000070a200000, 0x000000070a200000| Untracked 
| 101|0x000000070a300000, 0x000000070a300000, 0x000000070a400000|  0%| F|  |TAMS 0x000000070a300000, 0x000000070a300000| Untracked 
| 102|0x000000070a400000, 0x000000070a400000, 0x000000070a500000|  0%| F|  |TAMS 0x000000070a400000, 0x000000070a400000| Untracked 
| 103|0x000000070a500000, 0x000000070a500000, 0x000000070a600000|  0%| F|  |TAMS 0x000000070a500000, 0x000000070a500000| Untracked 
| 104|0x000000070a600000, 0x000000070a600000, 0x000000070a700000|  0%| F|  |TAMS 0x000000070a600000, 0x000000070a600000| Untracked 
| 105|0x000000070a700000, 0x000000070a700000, 0x000000070a800000|  0%| F|  |TAMS 0x000000070a700000, 0x000000070a700000| Untracked 
| 106|0x000000070a800000, 0x000000070a800000, 0x000000070a900000|  0%| F|  |TAMS 0x000000070a800000, 0x000000070a800000| Untracked 
| 107|0x000000070a900000, 0x000000070a900000, 0x000000070aa00000|  0%| F|  |TAMS 0x000000070a900000, 0x000000070a900000| Untracked 
| 108|0x000000070aa00000, 0x000000070aa00000, 0x000000070ab00000|  0%| F|  |TAMS 0x000000070aa00000, 0x000000070aa00000| Untracked 
| 109|0x000000070ab00000, 0x000000070ab00000, 0x000000070ac00000|  0%| F|  |TAMS 0x000000070ab00000, 0x000000070ab00000| Untracked 
| 110|0x000000070ac00000, 0x000000070ac00000, 0x000000070ad00000|  0%| F|  |TAMS 0x000000070ac00000, 0x000000070ac00000| Untracked 
| 111|0x000000070ad00000, 0x000000070ad00000, 0x000000070ae00000|  0%| F|  |TAMS 0x000000070ad00000, 0x000000070ad00000| Untracked 
| 112|0x000000070ae00000, 0x000000070ae00000, 0x000000070af00000|  0%| F|  |TAMS 0x000000070ae00000, 0x000000070ae00000| Untracked 
| 113|0x000000070af00000, 0x000000070af00000, 0x000000070b000000|  0%| F|  |TAMS 0x000000070af00000, 0x000000070af00000| Untracked 
| 114|0x000000070b000000, 0x000000070b000000, 0x000000070b100000|  0%| F|  |TAMS 0x000000070b000000, 0x000000070b000000| Untracked 
| 115|0x000000070b100000, 0x000000070b100000, 0x000000070b200000|  0%| F|  |TAMS 0x000000070b100000, 0x000000070b100000| Untracked 
| 116|0x000000070b200000, 0x000000070b200000, 0x000000070b300000|  0%| F|  |TAMS 0x000000070b200000, 0x000000070b200000| Untracked 
| 117|0x000000070b300000, 0x000000070b300000, 0x000000070b400000|  0%| F|  |TAMS 0x000000070b300000, 0x000000070b300000| Untracked 
| 118|0x000000070b400000, 0x000000070b400000, 0x000000070b500000|  0%| F|  |TAMS 0x000000070b400000, 0x000000070b400000| Untracked 
| 119|0x000000070b500000, 0x000000070b500000, 0x000000070b600000|  0%| F|  |TAMS 0x000000070b500000, 0x000000070b500000| Untracked 
| 120|0x000000070b600000, 0x000000070b600000, 0x000000070b700000|  0%| F|  |TAMS 0x000000070b600000, 0x000000070b600000| Untracked 
| 121|0x000000070b700000, 0x000000070b700000, 0x000000070b800000|  0%| F|  |TAMS 0x000000070b700000, 0x000000070b700000| Untracked 
| 122|0x000000070b800000, 0x000000070b800000, 0x000000070b900000|  0%| F|  |TAMS 0x000000070b800000, 0x000000070b800000| Untracked 
| 123|0x000000070b900000, 0x000000070b900000, 0x000000070ba00000|  0%| F|  |TAMS 0x000000070b900000, 0x000000070b900000| Untracked 
| 124|0x000000070ba00000, 0x000000070ba00000, 0x000000070bb00000|  0%| F|  |TAMS 0x000000070ba00000, 0x000000070ba00000| Untracked 
| 125|0x000000070bb00000, 0x000000070bb00000, 0x000000070bc00000|  0%| F|  |TAMS 0x000000070bb00000, 0x000000070bb00000| Untracked 
| 126|0x000000070bc00000, 0x000000070bc00000, 0x000000070bd00000|  0%| F|  |TAMS 0x000000070bc00000, 0x000000070bc00000| Untracked 
| 127|0x000000070bd00000, 0x000000070bd00000, 0x000000070be00000|  0%| F|  |TAMS 0x000000070bd00000, 0x000000070bd00000| Untracked 
| 128|0x000000070be00000, 0x000000070be00000, 0x000000070bf00000|  0%| F|  |TAMS 0x000000070be00000, 0x000000070be00000| Untracked 
| 129|0x000000070bf00000, 0x000000070bf00000, 0x000000070c000000|  0%| F|  |TAMS 0x000000070bf00000, 0x000000070bf00000| Untracked 
| 130|0x000000070c000000, 0x000000070c000000, 0x000000070c100000|  0%| F|  |TAMS 0x000000070c000000, 0x000000070c000000| Untracked 
| 131|0x000000070c100000, 0x000000070c100000, 0x000000070c200000|  0%| F|  |TAMS 0x000000070c100000, 0x000000070c100000| Untracked 
| 132|0x000000070c200000, 0x000000070c200000, 0x000000070c300000|  0%| F|  |TAMS 0x000000070c200000, 0x000000070c200000| Untracked 
| 133|0x000000070c300000, 0x000000070c300000, 0x000000070c400000|  0%| F|  |TAMS 0x000000070c300000, 0x000000070c300000| Untracked 
| 134|0x000000070c400000, 0x000000070c400000, 0x000000070c500000|  0%| F|  |TAMS 0x000000070c400000, 0x000000070c400000| Untracked 
| 135|0x000000070c500000, 0x000000070c500000, 0x000000070c600000|  0%| F|  |TAMS 0x000000070c500000, 0x000000070c500000| Untracked 
| 136|0x000000070c600000, 0x000000070c600000, 0x000000070c700000|  0%| F|  |TAMS 0x000000070c600000, 0x000000070c600000| Untracked 
| 137|0x000000070c700000, 0x000000070c700000, 0x000000070c800000|  0%| F|  |TAMS 0x000000070c700000, 0x000000070c700000| Untracked 
| 138|0x000000070c800000, 0x000000070c800000, 0x000000070c900000|  0%| F|  |TAMS 0x000000070c800000, 0x000000070c800000| Untracked 
| 139|0x000000070c900000, 0x000000070c900000, 0x000000070ca00000|  0%| F|  |TAMS 0x000000070c900000, 0x000000070c900000| Untracked 
| 140|0x000000070ca00000, 0x000000070ca00000, 0x000000070cb00000|  0%| F|  |TAMS 0x000000070ca00000, 0x000000070ca00000| Untracked 
| 141|0x000000070cb00000, 0x000000070cb00000, 0x000000070cc00000|  0%| F|  |TAMS 0x000000070cb00000, 0x000000070cb00000| Untracked 
| 142|0x000000070cc00000, 0x000000070cc00000, 0x000000070cd00000|  0%| F|  |TAMS 0x000000070cc00000, 0x000000070cc00000| Untracked 
| 143|0x000000070cd00000, 0x000000070cd00000, 0x000000070ce00000|  0%| F|  |TAMS 0x000000070cd00000, 0x000000070cd00000| Untracked 
| 144|0x000000070ce00000, 0x000000070ce00000, 0x000000070cf00000|  0%| F|  |TAMS 0x000000070ce00000, 0x000000070ce00000| Untracked 
| 145|0x000000070cf00000, 0x000000070cf00000, 0x000000070d000000|  0%| F|  |TAMS 0x000000070cf00000, 0x000000070cf00000| Untracked 
| 146|0x000000070d000000, 0x000000070d000000, 0x000000070d100000|  0%| F|  |TAMS 0x000000070d000000, 0x000000070d000000| Untracked 
| 147|0x000000070d100000, 0x000000070d100000, 0x000000070d200000|  0%| F|  |TAMS 0x000000070d100000, 0x000000070d100000| Untracked 
| 148|0x000000070d200000, 0x000000070d200000, 0x000000070d300000|  0%| F|  |TAMS 0x000000070d200000, 0x000000070d200000| Untracked 
| 149|0x000000070d300000, 0x000000070d300000, 0x000000070d400000|  0%| F|  |TAMS 0x000000070d300000, 0x000000070d300000| Untracked 
| 150|0x000000070d400000, 0x000000070d400000, 0x000000070d500000|  0%| F|  |TAMS 0x000000070d400000, 0x000000070d400000| Untracked 
| 151|0x000000070d500000, 0x000000070d500000, 0x000000070d600000|  0%| F|  |TAMS 0x000000070d500000, 0x000000070d500000| Untracked 
| 152|0x000000070d600000, 0x000000070d600000, 0x000000070d700000|  0%| F|  |TAMS 0x000000070d600000, 0x000000070d600000| Untracked 
| 153|0x000000070d700000, 0x000000070d700000, 0x000000070d800000|  0%| F|  |TAMS 0x000000070d700000, 0x000000070d700000| Untracked 
| 154|0x000000070d800000, 0x000000070d800000, 0x000000070d900000|  0%| F|  |TAMS 0x000000070d800000, 0x000000070d800000| Untracked 
| 155|0x000000070d900000, 0x000000070d900000, 0x000000070da00000|  0%| F|  |TAMS 0x000000070d900000, 0x000000070d900000| Untracked 
| 156|0x000000070da00000, 0x000000070da00000, 0x000000070db00000|  0%| F|  |TAMS 0x000000070da00000, 0x000000070da00000| Untracked 
| 157|0x000000070db00000, 0x000000070db00000, 0x000000070dc00000|  0%| F|  |TAMS 0x000000070db00000, 0x000000070db00000| Untracked 
| 158|0x000000070dc00000, 0x000000070dc00000, 0x000000070dd00000|  0%| F|  |TAMS 0x000000070dc00000, 0x000000070dc00000| Untracked 
| 159|0x000000070dd00000, 0x000000070dd00000, 0x000000070de00000|  0%| F|  |TAMS 0x000000070dd00000, 0x000000070dd00000| Untracked 
| 160|0x000000070de00000, 0x000000070de00000, 0x000000070df00000|  0%| F|  |TAMS 0x000000070de00000, 0x000000070de00000| Untracked 
| 161|0x000000070df00000, 0x000000070df00000, 0x000000070e000000|  0%| F|  |TAMS 0x000000070df00000, 0x000000070df00000| Untracked 
| 162|0x000000070e000000, 0x000000070e000000, 0x000000070e100000|  0%| F|  |TAMS 0x000000070e000000, 0x000000070e000000| Untracked 
| 163|0x000000070e100000, 0x000000070e100000, 0x000000070e200000|  0%| F|  |TAMS 0x000000070e100000, 0x000000070e100000| Untracked 
| 164|0x000000070e200000, 0x000000070e200000, 0x000000070e300000|  0%| F|  |TAMS 0x000000070e200000, 0x000000070e200000| Untracked 
| 165|0x000000070e300000, 0x000000070e300000, 0x000000070e400000|  0%| F|  |TAMS 0x000000070e300000, 0x000000070e300000| Untracked 
| 166|0x000000070e400000, 0x000000070e400000, 0x000000070e500000|  0%| F|  |TAMS 0x000000070e400000, 0x000000070e400000| Untracked 
| 167|0x000000070e500000, 0x000000070e500000, 0x000000070e600000|  0%| F|  |TAMS 0x000000070e500000, 0x000000070e500000| Untracked 
| 168|0x000000070e600000, 0x000000070e600000, 0x000000070e700000|  0%| F|  |TAMS 0x000000070e600000, 0x000000070e600000| Untracked 
| 169|0x000000070e700000, 0x000000070e700000, 0x000000070e800000|  0%| F|  |TAMS 0x000000070e700000, 0x000000070e700000| Untracked 
| 170|0x000000070e800000, 0x000000070e800000, 0x000000070e900000|  0%| F|  |TAMS 0x000000070e800000, 0x000000070e800000| Untracked 
| 171|0x000000070e900000, 0x000000070e900000, 0x000000070ea00000|  0%| F|  |TAMS 0x000000070e900000, 0x000000070e900000| Untracked 
| 172|0x000000070ea00000, 0x000000070ea00000, 0x000000070eb00000|  0%| F|  |TAMS 0x000000070ea00000, 0x000000070ea00000| Untracked 
| 173|0x000000070eb00000, 0x000000070eb00000, 0x000000070ec00000|  0%| F|  |TAMS 0x000000070eb00000, 0x000000070eb00000| Untracked 
| 174|0x000000070ec00000, 0x000000070ec00000, 0x000000070ed00000|  0%| F|  |TAMS 0x000000070ec00000, 0x000000070ec00000| Untracked 
| 175|0x000000070ed00000, 0x000000070ed00000, 0x000000070ee00000|  0%| F|  |TAMS 0x000000070ed00000, 0x000000070ed00000| Untracked 
| 176|0x000000070ee00000, 0x000000070ee00000, 0x000000070ef00000|  0%| F|  |TAMS 0x000000070ee00000, 0x000000070ee00000| Untracked 
| 177|0x000000070ef00000, 0x000000070ef00000, 0x000000070f000000|  0%| F|  |TAMS 0x000000070ef00000, 0x000000070ef00000| Untracked 
| 178|0x000000070f000000, 0x000000070f000000, 0x000000070f100000|  0%| F|  |TAMS 0x000000070f000000, 0x000000070f000000| Untracked 
| 179|0x000000070f100000, 0x000000070f100000, 0x000000070f200000|  0%| F|  |TAMS 0x000000070f100000, 0x000000070f100000| Untracked 
| 180|0x000000070f200000, 0x000000070f200000, 0x000000070f300000|  0%| F|  |TAMS 0x000000070f200000, 0x000000070f200000| Untracked 
| 181|0x000000070f300000, 0x000000070f300000, 0x000000070f400000|  0%| F|  |TAMS 0x000000070f300000, 0x000000070f300000| Untracked 
| 182|0x000000070f400000, 0x000000070f400000, 0x000000070f500000|  0%| F|  |TAMS 0x000000070f400000, 0x000000070f400000| Untracked 
| 183|0x000000070f500000, 0x000000070f500000, 0x000000070f600000|  0%| F|  |TAMS 0x000000070f500000, 0x000000070f500000| Untracked 
| 184|0x000000070f600000, 0x000000070f600000, 0x000000070f700000|  0%| F|  |TAMS 0x000000070f600000, 0x000000070f600000| Untracked 
| 185|0x000000070f700000, 0x000000070f700000, 0x000000070f800000|  0%| F|  |TAMS 0x000000070f700000, 0x000000070f700000| Untracked 
| 186|0x000000070f800000, 0x000000070f800000, 0x000000070f900000|  0%| F|  |TAMS 0x000000070f800000, 0x000000070f800000| Untracked 
| 187|0x000000070f900000, 0x000000070f900000, 0x000000070fa00000|  0%| F|  |TAMS 0x000000070f900000, 0x000000070f900000| Untracked 
| 188|0x000000070fa00000, 0x000000070fa00000, 0x000000070fb00000|  0%| F|  |TAMS 0x000000070fa00000, 0x000000070fa00000| Untracked 
| 189|0x000000070fb00000, 0x000000070fb00000, 0x000000070fc00000|  0%| F|  |TAMS 0x000000070fb00000, 0x000000070fb00000| Untracked 
| 190|0x000000070fc00000, 0x000000070fc00000, 0x000000070fd00000|  0%| F|  |TAMS 0x000000070fc00000, 0x000000070fc00000| Untracked 
| 191|0x000000070fd00000, 0x000000070fd00000, 0x000000070fe00000|  0%| F|  |TAMS 0x000000070fd00000, 0x000000070fd00000| Untracked 
| 192|0x000000070fe00000, 0x000000070fe00000, 0x000000070ff00000|  0%| F|  |TAMS 0x000000070fe00000, 0x000000070fe00000| Untracked 
| 193|0x000000070ff00000, 0x000000070ff00000, 0x0000000710000000|  0%| F|  |TAMS 0x000000070ff00000, 0x000000070ff00000| Untracked 
| 194|0x0000000710000000, 0x0000000710000000, 0x0000000710100000|  0%| F|  |TAMS 0x0000000710000000, 0x0000000710000000| Untracked 
| 195|0x0000000710100000, 0x0000000710100000, 0x0000000710200000|  0%| F|  |TAMS 0x0000000710100000, 0x0000000710100000| Untracked 
| 196|0x0000000710200000, 0x0000000710200000, 0x0000000710300000|  0%| F|  |TAMS 0x0000000710200000, 0x0000000710200000| Untracked 
| 197|0x0000000710300000, 0x0000000710300000, 0x0000000710400000|  0%| F|  |TAMS 0x0000000710300000, 0x0000000710300000| Untracked 
| 198|0x0000000710400000, 0x0000000710400000, 0x0000000710500000|  0%| F|  |TAMS 0x0000000710400000, 0x0000000710400000| Untracked 
| 199|0x0000000710500000, 0x0000000710500000, 0x0000000710600000|  0%| F|  |TAMS 0x0000000710500000, 0x0000000710500000| Untracked 
| 200|0x0000000710600000, 0x0000000710600000, 0x0000000710700000|  0%| F|  |TAMS 0x0000000710600000, 0x0000000710600000| Untracked 
| 201|0x0000000710700000, 0x0000000710700000, 0x0000000710800000|  0%| F|  |TAMS 0x0000000710700000, 0x0000000710700000| Untracked 
| 202|0x0000000710800000, 0x0000000710800000, 0x0000000710900000|  0%| F|  |TAMS 0x0000000710800000, 0x0000000710800000| Untracked 
| 203|0x0000000710900000, 0x0000000710900000, 0x0000000710a00000|  0%| F|  |TAMS 0x0000000710900000, 0x0000000710900000| Untracked 
| 204|0x0000000710a00000, 0x0000000710a00000, 0x0000000710b00000|  0%| F|  |TAMS 0x0000000710a00000, 0x0000000710a00000| Untracked 
| 205|0x0000000710b00000, 0x0000000710b00000, 0x0000000710c00000|  0%| F|  |TAMS 0x0000000710b00000, 0x0000000710b00000| Untracked 
| 206|0x0000000710c00000, 0x0000000710c00000, 0x0000000710d00000|  0%| F|  |TAMS 0x0000000710c00000, 0x0000000710c00000| Untracked 
| 207|0x0000000710d00000, 0x0000000710d00000, 0x0000000710e00000|  0%| F|  |TAMS 0x0000000710d00000, 0x0000000710d00000| Untracked 
| 208|0x0000000710e00000, 0x0000000710e00000, 0x0000000710f00000|  0%| F|  |TAMS 0x0000000710e00000, 0x0000000710e00000| Untracked 
| 209|0x0000000710f00000, 0x0000000710f00000, 0x0000000711000000|  0%| F|  |TAMS 0x0000000710f00000, 0x0000000710f00000| Untracked 
| 210|0x0000000711000000, 0x0000000711000000, 0x0000000711100000|  0%| F|  |TAMS 0x0000000711000000, 0x0000000711000000| Untracked 
| 211|0x0000000711100000, 0x0000000711100000, 0x0000000711200000|  0%| F|  |TAMS 0x0000000711100000, 0x0000000711100000| Untracked 
| 212|0x0000000711200000, 0x0000000711200000, 0x0000000711300000|  0%| F|  |TAMS 0x0000000711200000, 0x0000000711200000| Untracked 
| 213|0x0000000711300000, 0x0000000711300000, 0x0000000711400000|  0%| F|  |TAMS 0x0000000711300000, 0x0000000711300000| Untracked 
| 214|0x0000000711400000, 0x0000000711400000, 0x0000000711500000|  0%| F|  |TAMS 0x0000000711400000, 0x0000000711400000| Untracked 
| 215|0x0000000711500000, 0x0000000711500000, 0x0000000711600000|  0%| F|  |TAMS 0x0000000711500000, 0x0000000711500000| Untracked 
| 216|0x0000000711600000, 0x0000000711600000, 0x0000000711700000|  0%| F|  |TAMS 0x0000000711600000, 0x0000000711600000| Untracked 
| 217|0x0000000711700000, 0x0000000711700000, 0x0000000711800000|  0%| F|  |TAMS 0x0000000711700000, 0x0000000711700000| Untracked 
| 218|0x0000000711800000, 0x0000000711800000, 0x0000000711900000|  0%| F|  |TAMS 0x0000000711800000, 0x0000000711800000| Untracked 
| 219|0x0000000711900000, 0x0000000711900000, 0x0000000711a00000|  0%| F|  |TAMS 0x0000000711900000, 0x0000000711900000| Untracked 
| 220|0x0000000711a00000, 0x0000000711b00000, 0x0000000711b00000|100%| E|  |TAMS 0x0000000711a00000, 0x0000000711a00000| Complete 
| 221|0x0000000711b00000, 0x0000000711c00000, 0x0000000711c00000|100%| E|CS|TAMS 0x0000000711b00000, 0x0000000711b00000| Complete 
| 222|0x0000000711c00000, 0x0000000711d00000, 0x0000000711d00000|100%| E|CS|TAMS 0x0000000711c00000, 0x0000000711c00000| Complete 
| 223|0x0000000711d00000, 0x0000000711e00000, 0x0000000711e00000|100%| E|CS|TAMS 0x0000000711d00000, 0x0000000711d00000| Complete 
| 224|0x0000000711e00000, 0x0000000711f00000, 0x0000000711f00000|100%| E|CS|TAMS 0x0000000711e00000, 0x0000000711e00000| Complete 
| 225|0x0000000711f00000, 0x0000000712000000, 0x0000000712000000|100%| E|CS|TAMS 0x0000000711f00000, 0x0000000711f00000| Complete 
| 226|0x0000000712000000, 0x0000000712100000, 0x0000000712100000|100%| E|CS|TAMS 0x0000000712000000, 0x0000000712000000| Complete 
| 227|0x0000000712100000, 0x0000000712200000, 0x0000000712200000|100%| E|CS|TAMS 0x0000000712100000, 0x0000000712100000| Complete 
| 228|0x0000000712200000, 0x0000000712300000, 0x0000000712300000|100%| E|CS|TAMS 0x0000000712200000, 0x0000000712200000| Complete 
| 229|0x0000000712300000, 0x0000000712400000, 0x0000000712400000|100%| E|CS|TAMS 0x0000000712300000, 0x0000000712300000| Complete 
| 230|0x0000000712400000, 0x0000000712500000, 0x0000000712500000|100%| E|CS|TAMS 0x0000000712400000, 0x0000000712400000| Complete 
| 231|0x0000000712500000, 0x0000000712600000, 0x0000000712600000|100%| E|CS|TAMS 0x0000000712500000, 0x0000000712500000| Complete 
| 232|0x0000000712600000, 0x0000000712700000, 0x0000000712700000|100%| E|CS|TAMS 0x0000000712600000, 0x0000000712600000| Complete 
| 233|0x0000000712700000, 0x0000000712800000, 0x0000000712800000|100%| E|CS|TAMS 0x0000000712700000, 0x0000000712700000| Complete 
| 234|0x0000000712800000, 0x000000071284bd08, 0x0000000712900000| 29%| S|CS|TAMS 0x0000000712800000, 0x0000000712800000| Complete 
| 235|0x0000000712900000, 0x0000000712a00000, 0x0000000712a00000|100%| S|CS|TAMS 0x0000000712900000, 0x0000000712900000| Complete 
| 236|0x0000000712a00000, 0x0000000712b00000, 0x0000000712b00000|100%| S|CS|TAMS 0x0000000712a00000, 0x0000000712a00000| Complete 
| 237|0x0000000712b00000, 0x0000000712c00000, 0x0000000712c00000|100%| S|CS|TAMS 0x0000000712b00000, 0x0000000712b00000| Complete 
| 238|0x0000000712c00000, 0x0000000712d00000, 0x0000000712d00000|100%| S|CS|TAMS 0x0000000712c00000, 0x0000000712c00000| Complete 
| 239|0x0000000712d00000, 0x0000000712e00000, 0x0000000712e00000|100%| S|CS|TAMS 0x0000000712d00000, 0x0000000712d00000| Complete 
| 240|0x0000000712e00000, 0x0000000712f00000, 0x0000000712f00000|100%| S|CS|TAMS 0x0000000712e00000, 0x0000000712e00000| Complete 
| 241|0x0000000712f00000, 0x0000000713000000, 0x0000000713000000|100%| S|CS|TAMS 0x0000000712f00000, 0x0000000712f00000| Complete 
| 242|0x0000000713000000, 0x0000000713100000, 0x0000000713100000|100%| S|CS|TAMS 0x0000000713000000, 0x0000000713000000| Complete 
| 243|0x0000000713100000, 0x0000000713200000, 0x0000000713200000|100%| S|CS|TAMS 0x0000000713100000, 0x0000000713100000| Complete 
| 244|0x0000000713200000, 0x0000000713300000, 0x0000000713300000|100%| E|CS|TAMS 0x0000000713200000, 0x0000000713200000| Complete 
| 245|0x0000000713300000, 0x0000000713400000, 0x0000000713400000|100%| E|CS|TAMS 0x0000000713300000, 0x0000000713300000| Complete 
| 246|0x0000000713400000, 0x0000000713500000, 0x0000000713500000|100%| E|CS|TAMS 0x0000000713400000, 0x0000000713400000| Complete 
| 247|0x0000000713500000, 0x0000000713600000, 0x0000000713600000|100%| E|CS|TAMS 0x0000000713500000, 0x0000000713500000| Complete 
| 248|0x0000000713600000, 0x0000000713700000, 0x0000000713700000|100%| E|CS|TAMS 0x0000000713600000, 0x0000000713600000| Complete 
| 249|0x0000000713700000, 0x0000000713800000, 0x0000000713800000|100%| E|CS|TAMS 0x0000000713700000, 0x0000000713700000| Complete 
| 250|0x0000000713800000, 0x0000000713900000, 0x0000000713900000|100%| E|CS|TAMS 0x0000000713800000, 0x0000000713800000| Complete 
| 251|0x0000000713900000, 0x0000000713a00000, 0x0000000713a00000|100%| E|CS|TAMS 0x0000000713900000, 0x0000000713900000| Complete 
| 252|0x0000000713a00000, 0x0000000713b00000, 0x0000000713b00000|100%| E|CS|TAMS 0x0000000713a00000, 0x0000000713a00000| Complete 
| 253|0x0000000713b00000, 0x0000000713c00000, 0x0000000713c00000|100%| E|CS|TAMS 0x0000000713b00000, 0x0000000713b00000| Complete 

Card table byte_map: [0x00000197fc510000,0x00000197fcd00000] _byte_map_base: 0x00000197f8cf1000

Marking Bits (Prev, Next): (CMBitMap*) 0x00000197fb97a2a0, (CMBitMap*) 0x00000197fb97a268
 Prev Bits: [0x000001979a4e0000, 0x000001979e3e8000)
 Next Bits: [0x00000197965d0000, 0x000001979a4d8000)

Polling page: 0x00000197f9880000

Metaspace:

Usage:
  Non-class:     54.07 MB capacity,    53.22 MB ( 98%) used,   687.65 KB (  1%) free+waste,   186.00 KB ( <1%) overhead. 
      Class:      8.45 MB capacity,     7.86 MB ( 93%) used,   509.30 KB (  6%) free+waste,    91.56 KB (  1%) overhead. 
       Both:     62.52 MB capacity,    61.08 MB ( 98%) used,     1.17 MB (  2%) free+waste,   277.56 KB ( <1%) overhead. 

Virtual space:
  Non-class space:       56.00 MB reserved,      54.25 MB ( 97%) committed 
      Class space:        1.00 GB reserved,       8.50 MB ( <1%) committed 
             Both:        1.05 GB reserved,      62.75 MB (  6%) committed 

Chunk freelists:
   Non-Class:  0 bytes
       Class:  0 bytes
        Both:  0 bytes

CodeHeap 'non-profiled nmethods': size=120000Kb used=3250Kb max_used=3250Kb free=116749Kb
 bounds [0x000001978f0a0000, 0x000001978f3d0000, 0x00000197965d0000]
CodeHeap 'profiled nmethods': size=120000Kb used=11416Kb max_used=11416Kb free=108583Kb
 bounds [0x0000019787b70000, 0x00000197886a0000, 0x000001978f0a0000]
CodeHeap 'non-nmethods': size=5760Kb used=1229Kb max_used=1262Kb free=4530Kb
 bounds [0x00000197875d0000, 0x0000019787840000, 0x0000019787b70000]
 total_blobs=5463 nmethods=4869 adapters=504
 compilation: enabled
              stopped_count=0, restarted_count=0
 full_count=0

Compilation events (10 events):
Event: 24.311 Thread 0x000001979eee3000 4913       1       java.util.stream.ForEachOps$ForEachOp::get (2 bytes)
Event: 24.311 Thread 0x000001979eee3000 nmethod 4913 0x000001978f3cba90 code [0x000001978f3cbc20, 0x000001978f3cbcd8]
Event: 24.577 Thread 0x000001979eee3000 4915       3       java.lang.invoke.SimpleMethodHandle::speciesData (4 bytes)
Event: 24.577 Thread 0x000001979eee3000 nmethod 4915 0x0000019788690390 code [0x0000019788690520, 0x0000019788690638]
Event: 24.577 Thread 0x000001979eee3000 4916       3       java.lang.invoke.SimpleMethodHandle::copyWithExtendL (7 bytes)
Event: 24.578 Thread 0x000001979eee3000 nmethod 4916 0x0000019788690710 code [0x00000197886908e0, 0x0000019788690c28]
Event: 24.578 Thread 0x000001979eee3000 4917       3       java.lang.invoke.BoundMethodHandle::bindSingle (7 bytes)
Event: 24.579 Thread 0x000001979eee3000 nmethod 4917 0x0000019788690d90 code [0x0000019788690f40, 0x0000019788691208]
Event: 24.588 Thread 0x000001979eee3000 4918       3       java.util.HashMap$Node::hashCode (16 bytes)
Event: 24.589 Thread 0x000001979eee3000 nmethod 4918 0x0000019788691390 code [0x0000019788691560, 0x0000019788691978]

GC Heap History (10 events):
Event: 3.990 GC heap before
{Heap before GC invocations=2 (full 0):
 garbage-first heap   total 260096K, used 38110K [0x0000000703e00000, 0x0000000800000000)
  region size 1024K, 31 young (31744K), 2 survivors (2048K)
 Metaspace       used 20680K, capacity 21183K, committed 21296K, reserved 1069056K
  class space    used 2270K, capacity 2492K, committed 2560K, reserved 1048576K
}
Event: 3.995 GC heap after
{Heap after GC invocations=3 (full 0):
 garbage-first heap   total 260096K, used 10485K [0x0000000703e00000, 0x0000000800000000)
  region size 1024K, 3 young (3072K), 3 survivors (3072K)
 Metaspace       used 20680K, capacity 21183K, committed 21296K, reserved 1069056K
  class space    used 2270K, capacity 2492K, committed 2560K, reserved 1048576K
}
Event: 6.811 GC heap before
{Heap before GC invocations=4 (full 0):
 garbage-first heap   total 260096K, used 133365K [0x0000000703e00000, 0x0000000800000000)
  region size 1024K, 123 young (125952K), 3 survivors (3072K)
 Metaspace       used 33099K, capacity 33940K, committed 34048K, reserved 1079296K
  class space    used 3931K, capacity 4272K, committed 4352K, reserved 1048576K
}
Event: 6.821 GC heap after
{Heap after GC invocations=5 (full 0):
 garbage-first heap   total 260096K, used 14640K [0x0000000703e00000, 0x0000000800000000)
  region size 1024K, 7 young (7168K), 7 survivors (7168K)
 Metaspace       used 33099K, capacity 33940K, committed 34048K, reserved 1079296K
  class space    used 3931K, capacity 4272K, committed 4352K, reserved 1048576K
}
Event: 7.242 GC heap before
{Heap before GC invocations=5 (full 0):
 garbage-first heap   total 260096K, used 27952K [0x0000000703e00000, 0x0000000800000000)
  region size 1024K, 21 young (21504K), 7 survivors (7168K)
 Metaspace       used 34884K, capacity 35712K, committed 35840K, reserved 1081344K
  class space    used 4179K, capacity 4538K, committed 4608K, reserved 1048576K
}
Event: 7.252 GC heap after
{Heap after GC invocations=6 (full 0):
 garbage-first heap   total 260096K, used 16037K [0x0000000703e00000, 0x0000000800000000)
  region size 1024K, 8 young (8192K), 8 survivors (8192K)
 Metaspace       used 34884K, capacity 35712K, committed 35840K, reserved 1081344K
  class space    used 4179K, capacity 4538K, committed 4608K, reserved 1048576K
}
Event: 20.945 GC heap before
{Heap before GC invocations=7 (full 0):
 garbage-first heap   total 260096K, used 168613K [0x0000000703e00000, 0x0000000800000000)
  region size 1024K, 152 young (155648K), 8 survivors (8192K)
 Metaspace       used 56963K, capacity 58311K, committed 58496K, reserved 1099776K
  class space    used 7178K, capacity 7729K, committed 7808K, reserved 1048576K
}
Event: 21.167 GC heap after
{Heap after GC invocations=8 (full 0):
 garbage-first heap   total 260096K, used 22687K [0x0000000703e00000, 0x0000000800000000)
  region size 1024K, 15 young (15360K), 15 survivors (15360K)
 Metaspace       used 56963K, capacity 58311K, committed 58496K, reserved 1099776K
  class space    used 7178K, capacity 7729K, committed 7808K, reserved 1048576K
}
Event: 22.503 GC heap before
{Heap before GC invocations=8 (full 0):
 garbage-first heap   total 260096K, used 31903K [0x0000000703e00000, 0x0000000800000000)
  region size 1024K, 25 young (25600K), 15 survivors (15360K)
 Metaspace       used 58800K, capacity 60105K, committed 60160K, reserved 1101824K
  class space    used 7521K, capacity 8064K, committed 8064K, reserved 1048576K
}
Event: 22.545 GC heap after
{Heap after GC invocations=9 (full 0):
 garbage-first heap   total 260096K, used 23709K [0x0000000703e00000, 0x0000000800000000)
  region size 1024K, 10 young (10240K), 10 survivors (10240K)
 Metaspace       used 58800K, capacity 60105K, committed 60160K, reserved 1101824K
  class space    used 7521K, capacity 8064K, committed 8064K, reserved 1048576K
}

Deoptimization events (10 events):
Event: 23.970 Thread 0x00000197fb91b800 Uncommon trap: reason=class_check action=maybe_recompile pc=0x000001978f24ad40 method=org.springframework.core.ResolvableType.resolveType()Lorg/springframework/core/ResolvableType; @ 101 c2
Event: 23.995 Thread 0x00000197fb91b800 Uncommon trap: reason=class_check action=maybe_recompile pc=0x000001978f2bcf40 method=org.springframework.beans.factory.support.AbstractBeanFactory.isTypeMatch(Ljava/lang/String;Lorg/springframework/core/ResolvableType;Z)Z @ 53 c2
Event: 24.001 Thread 0x00000197fb91b800 Uncommon trap: reason=class_check action=maybe_recompile pc=0x000001978f2bcf40 method=org.springframework.beans.factory.support.AbstractBeanFactory.isTypeMatch(Ljava/lang/String;Lorg/springframework/core/ResolvableType;Z)Z @ 53 c2
Event: 24.049 Thread 0x00000197fb91b800 Uncommon trap: reason=unstable_if action=reinterpret pc=0x000001978f2b5400 method=java.lang.PublicMethods$MethodList.filter([Ljava/lang/reflect/Method;Ljava/lang/String;[Ljava/lang/Class;Z)Ljava/lang/PublicMethods$MethodList; @ 43 c2
Event: 24.062 Thread 0x00000197fb91b800 Uncommon trap: reason=unstable_if action=reinterpret pc=0x000001978f348cfc method=java.util.ArrayDeque.addLast(Ljava/lang/Object;)V @ 42 c2
Event: 24.196 Thread 0x00000197fb91b800 Uncommon trap: reason=class_check action=maybe_recompile pc=0x000001978f2bcf40 method=org.springframework.beans.factory.support.AbstractBeanFactory.isTypeMatch(Ljava/lang/String;Lorg/springframework/core/ResolvableType;Z)Z @ 53 c2
Event: 24.264 Thread 0x00000197fb91b800 Uncommon trap: reason=class_check action=maybe_recompile pc=0x000001978f24ad40 method=org.springframework.core.ResolvableType.resolveType()Lorg/springframework/core/ResolvableType; @ 101 c2
Event: 24.265 Thread 0x00000197fb91b800 Uncommon trap: reason=class_check action=maybe_recompile pc=0x000001978f24ad40 method=org.springframework.core.ResolvableType.resolveType()Lorg/springframework/core/ResolvableType; @ 101 c2
Event: 24.586 Thread 0x00000197fb91b800 Uncommon trap: reason=speculate_null_assert action=make_not_entrant pc=0x000001978f2b022c method=org.springframework.util.ConcurrentReferenceHashMap$Segment.restructureIfNecessary(Z)V @ 41 c2
Event: 24.591 Thread 0x00000197fb91b800 Uncommon trap: reason=class_check action=maybe_recompile pc=0x000001978f248fc4 method=org.springframework.core.ResolvableType.resolveType()Lorg/springframework/core/ResolvableType; @ 117 c2

Classes redefined (0 events):
No events

Internal exceptions (10 events):
Event: 23.985 Thread 0x00000197fb91b800 Exception <a 'java/lang/ClassNotFoundException'{0x00000007126878d0}: org/springframework/beans/factory/BeanFactoryAwareCustomizer> (0x00000007126878d0) thrown at [./open/src/hotspot/share/classfile/systemDictionary.cpp, line 226]
Event: 23.987 Thread 0x00000197fb91b800 Exception <a 'java/lang/ClassNotFoundException'{0x0000000712699d88}: org/springframework/beans/factory/AwareCustomizer> (0x0000000712699d88) thrown at [./open/src/hotspot/share/classfile/systemDictionary.cpp, line 226]
Event: 23.988 Thread 0x00000197fb91b800 Exception <a 'java/lang/ClassNotFoundException'{0x00000007126ae8c0}: org/springframework/context/ApplicationEventPublisherAwareCustomizer> (0x00000007126ae8c0) thrown at [./open/src/hotspot/share/classfile/systemDictionary.cpp, line 226]
Event: 23.990 Thread 0x00000197fb91b800 Exception <a 'java/lang/ClassNotFoundException'{0x00000007126c0fd0}: org/springframework/beans/factory/AwareCustomizer> (0x00000007126c0fd0) thrown at [./open/src/hotspot/share/classfile/systemDictionary.cpp, line 226]
Event: 24.009 Thread 0x00000197fb91b800 Exception <a 'java/lang/ClassNotFoundException'{0x00000007126f0a48}: java/lang/ObjectCustomizer> (0x00000007126f0a48) thrown at [./open/src/hotspot/share/classfile/systemDictionary.cpp, line 226]
Event: 24.011 Thread 0x00000197fb91b800 Exception <a 'java/lang/ClassNotFoundException'{0x0000000712509600}: org/springframework/core/io/support/PropertiesLoaderSupportCustomizer> (0x0000000712509600) thrown at [./open/src/hotspot/share/classfile/systemDictionary.cpp, line 226]
Event: 24.015 Thread 0x00000197fb91b800 Exception <a 'java/lang/ClassNotFoundException'{0x0000000712527900}: org/springframework/beans/factory/config/PropertiesFactoryBeanCustomizer> (0x0000000712527900) thrown at [./open/src/hotspot/share/classfile/systemDictionary.cpp, line 226]
Event: 24.022 Thread 0x00000197fb91b800 Exception <a 'java/lang/ClassNotFoundException'{0x000000071254d260}: org/springframework/beans/factory/FactoryBeanCustomizer> (0x000000071254d260) thrown at [./open/src/hotspot/share/classfile/systemDictionary.cpp, line 226]
Event: 24.024 Thread 0x00000197fb91b800 Exception <a 'java/lang/ClassNotFoundException'{0x0000000712563458}: org/springframework/beans/factory/InitializingBeanCustomizer> (0x0000000712563458) thrown at [./open/src/hotspot/share/classfile/systemDictionary.cpp, line 226]
Event: 24.300 Thread 0x00000197fb91b800 Exception <a 'java/lang/IncompatibleClassChangeError'{0x0000000712057b18}: Found class java.lang.Object, but interface was expected> (0x0000000712057b18) thrown at [./open/src/hotspot/share/interpreter/linkResolver.cpp, line 838]

Events (10 events):
Event: 24.592 loading class org/springframework/data/support/IsNewStrategy
Event: 24.592 loading class org/springframework/data/support/IsNewStrategy done
Event: 24.593 loading class org/springframework/data/mapping/PersistentPropertyPathAccessor
Event: 24.593 loading class org/springframework/data/mapping/PersistentPropertyPathAccessor done
Event: 24.594 loading class org/springframework/data/mapping/IdentifierAccessor
Event: 24.594 loading class org/springframework/data/mapping/IdentifierAccessor done
Event: 24.595 loading class org/springframework/data/annotation/Version
Event: 24.595 loading class org/springframework/data/annotation/Version done
Event: 24.596 loading class org/springframework/data/jpa/util/JpaMetamodel
Event: 24.596 loading class org/springframework/data/jpa/util/JpaMetamodel done


Dynamic libraries:
0x00007ff7c62e0000 - 0x00007ff7c62ef000 	C:\Program Files\Java\jdk-11.0.15.1\bin\java.exe
0x00007ffccdce0000 - 0x00007ffccdee9000 	C:\WINDOWS\SYSTEM32\ntdll.dll
0x00007ffcccf00000 - 0x00007ffcccfbe000 	C:\WINDOWS\System32\KERNEL32.DLL
0x00007ffccb530000 - 0x00007ffccb8b3000 	C:\WINDOWS\System32\KERNELBASE.dll
0x00007ffccb350000 - 0x00007ffccb461000 	C:\WINDOWS\System32\ucrtbase.dll
0x00007ffcb0290000 - 0x00007ffcb02a8000 	C:\Program Files\Java\jdk-11.0.15.1\bin\jli.dll
0x00007ffccd290000 - 0x00007ffccd33e000 	C:\WINDOWS\System32\ADVAPI32.dll
0x00007ffccdbf0000 - 0x00007ffccdc93000 	C:\WINDOWS\System32\msvcrt.dll
0x00007ffccd350000 - 0x00007ffccd3ee000 	C:\WINDOWS\System32\sechost.dll
0x00007ffcb03a0000 - 0x00007ffcb03b5000 	C:\Program Files\Java\jdk-11.0.15.1\bin\VCRUNTIME140.dll
0x00007ffccd3f0000 - 0x00007ffccd511000 	C:\WINDOWS\System32\RPCRT4.dll
0x00007ffccbdc0000 - 0x00007ffccbf6d000 	C:\WINDOWS\System32\USER32.dll
0x00007ffcb0820000 - 0x00007ffcb0ac5000 	C:\WINDOWS\WinSxS\amd64_microsoft.windows.common-controls_6595b64144ccf1df_6.0.22000.120_none_9d947278b86cc467\COMCTL32.dll
0x00007ffccba30000 - 0x00007ffccba56000 	C:\WINDOWS\System32\win32u.dll
0x00007ffccbc20000 - 0x00007ffccbc49000 	C:\WINDOWS\System32\GDI32.dll
0x00007ffccb190000 - 0x00007ffccb2aa000 	C:\WINDOWS\System32\gdi32full.dll
0x00007ffccb2b0000 - 0x00007ffccb34d000 	C:\WINDOWS\System32\msvcp_win.dll
0x00007ffcc0f40000 - 0x00007ffcc0f4a000 	C:\WINDOWS\SYSTEM32\VERSION.dll
0x00007ffccd250000 - 0x00007ffccd281000 	C:\WINDOWS\System32\IMM32.DLL
0x00007ffc8ca80000 - 0x00007ffc8cb1b000 	C:\Program Files\Java\jdk-11.0.15.1\bin\msvcp140.dll
0x00007ffc08940000 - 0x00007ffc09456000 	C:\Program Files\Java\jdk-11.0.15.1\bin\server\jvm.dll
0x00007ffccc2b0000 - 0x00007ffccc2b8000 	C:\WINDOWS\System32\PSAPI.DLL
0x00007ffc4e080000 - 0x00007ffc4e089000 	C:\WINDOWS\SYSTEM32\WSOCK32.dll
0x00007ffcc58e0000 - 0x00007ffcc5913000 	C:\WINDOWS\SYSTEM32\WINMM.dll
0x00007ffccd180000 - 0x00007ffccd1ef000 	C:\WINDOWS\System32\WS2_32.dll
0x00007ffcca0f0000 - 0x00007ffcca108000 	C:\WINDOWS\SYSTEM32\kernel.appcore.dll
0x00007ffcbfcb0000 - 0x00007ffcbfcc0000 	C:\Program Files\Java\jdk-11.0.15.1\bin\verify.dll
0x00007ffcc43a0000 - 0x00007ffcc45c1000 	C:\WINDOWS\SYSTEM32\DBGHELP.DLL
0x00007ffcc4340000 - 0x00007ffcc4371000 	C:\WINDOWS\SYSTEM32\dbgcore.DLL
0x00007ffccba60000 - 0x00007ffccbadf000 	C:\WINDOWS\System32\bcryptPrimitives.dll
0x00007ffca35d0000 - 0x00007ffca35f8000 	C:\Program Files\Java\jdk-11.0.15.1\bin\java.dll
0x00007ffcbb620000 - 0x00007ffcbb62a000 	C:\Program Files\Java\jdk-11.0.15.1\bin\jimage.dll
0x00007ffcb0b00000 - 0x00007ffcb0b0e000 	C:\Program Files\Java\jdk-11.0.15.1\bin\instrument.dll
0x00007ffca95c0000 - 0x00007ffca95d6000 	C:\Program Files\Java\jdk-11.0.15.1\bin\zip.dll
0x00007ffccc2c0000 - 0x00007ffccca85000 	C:\WINDOWS\System32\SHELL32.dll
0x00007ffcc9110000 - 0x00007ffcc9974000 	C:\WINDOWS\SYSTEM32\windows.storage.dll
0x00007ffccd870000 - 0x00007ffccdbe6000 	C:\WINDOWS\System32\combase.dll
0x00007ffcc8f60000 - 0x00007ffcc90c7000 	C:\WINDOWS\SYSTEM32\wintypes.dll
0x00007ffccc1c0000 - 0x00007ffccc2aa000 	C:\WINDOWS\System32\SHCORE.dll
0x00007ffccbd60000 - 0x00007ffccbdbd000 	C:\WINDOWS\System32\shlwapi.dll
0x00007ffccb0c0000 - 0x00007ffccb0e1000 	C:\WINDOWS\SYSTEM32\profapi.dll
0x00007ffca7d10000 - 0x00007ffca7d29000 	C:\Program Files\Java\jdk-11.0.15.1\bin\net.dll
0x00007ffcca110000 - 0x00007ffcca222000 	C:\WINDOWS\SYSTEM32\WINHTTP.dll
0x00007ffcca6b0000 - 0x00007ffcca717000 	C:\WINDOWS\system32\mswsock.dll
0x00007ffca32e0000 - 0x00007ffca32f2000 	C:\Program Files\Java\jdk-11.0.15.1\bin\nio.dll
0x00007ffcbdcf0000 - 0x00007ffcbdd0a000 	C:\Program Files\JetBrains\IntelliJ IDEA Community Edition 2021.3\bin\breakgen64.dll
0x00007ffcc9b80000 - 0x00007ffcc9bad000 	C:\WINDOWS\SYSTEM32\IPHLPAPI.DLL
0x00007ffccbf70000 - 0x00007ffccbf79000 	C:\WINDOWS\System32\NSI.dll
0x00007ffcc6eb0000 - 0x00007ffcc6ec9000 	C:\WINDOWS\SYSTEM32\dhcpcsvc6.DLL
0x00007ffcc6e90000 - 0x00007ffcc6eae000 	C:\WINDOWS\SYSTEM32\dhcpcsvc.DLL
0x00007ffcc9bb0000 - 0x00007ffcc9c98000 	C:\WINDOWS\SYSTEM32\DNSAPI.dll
0x00007ffcc4330000 - 0x00007ffcc433a000 	C:\Windows\System32\rasadhlp.dll
0x00007ffcc6f60000 - 0x00007ffcc6fe1000 	C:\WINDOWS\System32\fwpuclnt.dll
0x00007ffcb01f0000 - 0x00007ffcb01f9000 	C:\Program Files\Java\jdk-11.0.15.1\bin\management.dll
0x00007ffca5080000 - 0x00007ffca508b000 	C:\Program Files\Java\jdk-11.0.15.1\bin\management_ext.dll
0x00007ffc93d40000 - 0x00007ffc93d57000 	C:\WINDOWS\system32\napinsp.dll
0x00007ffc93d20000 - 0x00007ffc93d3b000 	C:\WINDOWS\system32\pnrpnsp.dll
0x00007ffc93d00000 - 0x00007ffc93d12000 	C:\WINDOWS\System32\winrnr.dll
0x00007ffc93ce0000 - 0x00007ffc93cf5000 	C:\WINDOWS\system32\wshbth.dll
0x00007ffc93cc0000 - 0x00007ffc93cdf000 	C:\WINDOWS\system32\nlansp_c.dll
0x00007ffcca910000 - 0x00007ffcca928000 	C:\WINDOWS\SYSTEM32\CRYPTSP.dll
0x00007ffcca050000 - 0x00007ffcca085000 	C:\WINDOWS\system32\rsaenh.dll
0x00007ffcca7b0000 - 0x00007ffcca7d9000 	C:\WINDOWS\SYSTEM32\USERENV.dll
0x00007ffccaaf0000 - 0x00007ffccab17000 	C:\WINDOWS\SYSTEM32\bcrypt.dll
0x00007ffcca900000 - 0x00007ffcca90c000 	C:\WINDOWS\SYSTEM32\CRYPTBASE.dll
0x00007ffca3040000 - 0x00007ffca3065000 	C:\Program Files\Java\jdk-11.0.15.1\bin\sunec.dll
0x00007ffca3030000 - 0x00007ffca303d000 	C:\Program Files\Java\jdk-11.0.15.1\bin\sunmscapi.dll
0x00007ffccb8c0000 - 0x00007ffccba22000 	C:\WINDOWS\System32\CRYPT32.dll
0x00007ffccaa50000 - 0x00007ffccaa7a000 	C:\WINDOWS\SYSTEM32\ncrypt.dll
0x00007ffccaa10000 - 0x00007ffccaa47000 	C:\WINDOWS\SYSTEM32\NTASN1.dll

dbghelp: loaded successfully - version: 4.0.5 - missing functions: none
symbol engine: initialized successfully - sym options: 0x614 - pdb path: .;C:\Program Files\Java\jdk-11.0.15.1\bin;C:\WINDOWS\SYSTEM32;C:\WINDOWS\WinSxS\amd64_microsoft.windows.common-controls_6595b64144ccf1df_6.0.22000.120_none_9d947278b86cc467;C:\Program Files\Java\jdk-11.0.15.1\bin\server;C:\Program Files\JetBrains\IntelliJ IDEA Community Edition 2021.3\bin

VM Arguments:
jvm_args: -javaagent:C:\Program Files\JetBrains\IntelliJ IDEA Community Edition 2021.3\lib\idea_rt.jar=51000:C:\Program Files\JetBrains\IntelliJ IDEA Community Edition 2021.3\bin -Dfile.encoding=UTF-8 
java_command: com.nagarro.accountmanagementservice.AccountManagementServiceApplication
java_class_path (initial): C:\Users\kavyakalyan\Downloads\account-management-service\account-management-service\target\classes;C:\Users\kavyakalyan\.m2\repository\org\springframework\boot\spring-boot-starter-data-jpa\2.7.11\spring-boot-starter-data-jpa-2.7.11.jar;C:\Users\kavyakalyan\.m2\repository\org\springframework\boot\spring-boot-starter-aop\2.7.11\spring-boot-starter-aop-2.7.11.jar;C:\Users\kavyakalyan\.m2\repository\org\springframework\spring-aop\5.3.27\spring-aop-5.3.27.jar;C:\Users\kavyakalyan\.m2\repository\org\aspectj\aspectjweaver\1.9.7\aspectjweaver-1.9.7.jar;C:\Users\kavyakalyan\.m2\repository\org\springframework\boot\spring-boot-starter-jdbc\2.7.11\spring-boot-starter-jdbc-2.7.11.jar;C:\Users\kavyakalyan\.m2\repository\com\zaxxer\HikariCP\4.0.3\HikariCP-4.0.3.jar;C:\Users\kavyakalyan\.m2\repository\org\springframework\spring-jdbc\5.3.27\spring-jdbc-5.3.27.jar;C:\Users\kavyakalyan\.m2\repository\jakarta\transaction\jakarta.transaction-api\1.3.3\jakarta.transaction-api-1.3.3.jar;C:\Users\kavyakalyan\.m2\repository\jakarta\persistence\jakarta.persistence-api\2.2.3\jakarta.persistence-api-2.2.3.jar;C:\Users\kavyakalyan\.m2\repository\org\hibernate\hibernate-core\5.6.15.Final\hibernate-core-5.6.15.Final.jar;C:\Users\kavyakalyan\.m2\repository\org\jboss\logging\jboss-logging\3.4.3.Final\jboss-logging-3.4.3.Final.jar;C:\Users\kavyakalyan\.m2\repository\net\bytebuddy\byte-buddy\1.12.23\byte-buddy-1.12.23.jar;C:\Users\kavyakalyan\.m2\repository\antlr\antlr\2.7.7\antlr-2.7.7.jar;C:\Users\kavyakalyan\.m2\repository\org\jboss\jandex\2.4.2.Final\jandex-2.4.2.Final.jar;C:\Users\kavyakalyan\.m2\repository\com\fasterxml\classmate\1.5.1\classmate-1.5.1.jar;C:\Users\kavyakalyan\.m2\repository\org\hibernate\common\hibernate-commons-annotations\5.1.2.Final\hibernate-commons-annotations-5.1.2.Final.jar;C:\Users\kavyakalyan\.m2\repository\org\glassfish\jaxb\jaxb-runtime\2.3.8\jaxb-runtime-2.3.8.jar;C:\Users\kavyakalyan\.m2\repository\org\glassfish\jaxb\txw2\2.3.8\txw2-2.
Launcher Type: SUN_STANDARD

[Global flags]
     intx CICompilerCount                          = 4                                         {product} {ergonomic}
     uint ConcGCThreads                            = 2                                         {product} {ergonomic}
     uint G1ConcRefinementThreads                  = 8                                         {product} {ergonomic}
   size_t G1HeapRegionSize                         = 1048576                                   {product} {ergonomic}
    uintx GCDrainStackTargetSize                   = 64                                        {product} {ergonomic}
   size_t InitialHeapSize                          = 266338304                                 {product} {ergonomic}
   size_t MarkStackSize                            = 4194304                                   {product} {ergonomic}
   size_t MaxHeapSize                              = 4229955584                                {product} {ergonomic}
   size_t MaxNewSize                               = 2537553920                                {product} {ergonomic}
   size_t MinHeapDeltaBytes                        = 1048576                                   {product} {ergonomic}
    uintx NonNMethodCodeHeapSize                   = 5836300                                {pd product} {ergonomic}
    uintx NonProfiledCodeHeapSize                  = 122910970                              {pd product} {ergonomic}
    uintx ProfiledCodeHeapSize                     = 122910970                              {pd product} {ergonomic}
    uintx ReservedCodeCacheSize                    = 251658240                              {pd product} {ergonomic}
     bool SegmentedCodeCache                       = true                                      {product} {ergonomic}
     bool UseCompressedClassPointers               = true                                 {lp64_product} {ergonomic}
     bool UseCompressedOops                        = true                                 {lp64_product} {ergonomic}
     bool UseG1GC                                  = true                                      {product} {ergonomic}
     bool UseLargePagesIndividualAllocation        = false                                  {pd product} {ergonomic}

Logging:
Log output configuration:
 #0: stdout all=warning uptime,level,tags
 #1: stderr all=off uptime,level,tags

Environment Variables:
JAVA_HOME=C:\Program Files\RedHat\java-11-openjdk-11.0.5-2
PATH=C:\Program Files\RedHat\java-11-openjdk-11.0.5-2\bin;C:\Program Files\Common Files\Oracle\Java\javapath;C:\Program Files (x86)\Common Files\Oracle\Java\javapath;C:\Program Files\Microsoft MPI\Bin\;C:\WINDOWS\system32;C:\WINDOWS;C:\WINDOWS\System32\Wbem;C:\WINDOWS\System32\WindowsPowerShell\v1.0\;C:\WINDOWS\System32\OpenSSH\;C:\Program Files\TortoiseSVN\bin;C:\Program Files\RedHat\java-11-openjdk-11.0.5-2\bin;C:\Program Files\dotnet\;C:\Program Files\Microsoft SQL Server\130\Tools\Binn\;C:\Program Files\Microsoft SQL Server\Client SDK\ODBC\170\Tools\Binn\;C:\Program Files\nodejs\;C:\Program Files (x86)\Microsoft SQL Server\150\DTS\Binn\;C:\Program Files\Azure Data Studio\bin;C:\Program Files (x86)\Microsoft SQL Server\140\Tools\Binn\;C:\Program Files\Microsoft SQL Server\140\Tools\Binn\;C:\Program Files (x86)\Microsoft SQL Server\140\DTS\Binn\;C:\Program Files\Microsoft SQL Server\140\DTS\Binn\;C:\Program Files\Microsoft SQL Server\Client SDK\ODBC\130\Tools\Binn\;C:\Program Files (x86)\dotnet\;C:\.Net & Java Software\apache-maven-3.6.3-bin\apache-maven-3.6.3\bin;C:\Program Files\Git\cmd;C:\Users\kavyakalyan\AppData\Local\Microsoft\WindowsApps;C:\Users\kavyakalyan\.dotnet\tools;C:\Users\kavyakalyan\AppData\Roaming\npm;C:\Program Files\Azure Data Studio\bin;C:\Users\kavyakalyan\AppData\Local\Programs\Microsoft VS Code\bin;
USERNAME=kavyakalyan
OS=Windows_NT
PROCESSOR_IDENTIFIER=Intel64 Family 6 Model 142 Stepping 12, GenuineIntel



---------------  S Y S T E M  ---------------

OS: Windows 11 , 64 bit Build 22000 (10.0.22000.1761)

CPU:total 8 (initial active 8) (4 cores per cpu, 2 threads per core) family 6 model 142 stepping 12 microcode 0xea, cmov, cx8, fxsr, mmx, sse, sse2, sse3, ssse3, sse4.1, sse4.2, popcnt, avx, avx2, aes, clmul, erms, 3dnowpref, lzcnt, ht, tsc, tscinvbit, bmi1, bmi2, adx, fma

Memory: 4k page, system-wide physical 16134M (2783M free)
TotalPageFile size 33781M (AvailPageFile size 8M)
current process WorkingSet (physical memory assigned to process): 371M, peak: 371M
current process commit charge ("private bytes"): 485M, peak: 486M

vm_info: Java HotSpot(TM) 64-Bit Server VM (11.0.15.1+2-LTS-10) for windows-amd64 JRE (11.0.15.1+2-LTS-10), built on Apr 25 2022 21:51:57 by "mach5one" with MS VC++ 15.9 (VS2017)

END.
